<?xml version="1.0" encoding="UTF-8"?>
<testng-results ignored="0" total="2" passed="2" failed="0" skipped="0">
  <reporter-output>
    <line>
      <![CDATA[contact modified]]>
    </line>
    <line>
      <![CDATA[product modified]]>
    </line>
  </reporter-output>
  <suite started-at="2021-12-31T18:12:44Z" name="Default suite" finished-at="2021-12-31T18:12:44Z" duration-ms="101">
    <groups>
      <group name="regression">
        <method signature="ModifyContactTest.modify()[pri:0, instance:com.crm.contact.ModifyContactTest@3cee53dc]" name="modify" class="com.crm.contact.ModifyContactTest"/>
        <method signature="ModifyProductTest.modifyprod()[pri:0, instance:com.crm.product.ModifyProductTest@290aeb20]" name="modifyprod" class="com.crm.product.ModifyProductTest"/>
      </group> <!-- regression -->
    </groups>
    <test started-at="2021-12-31T18:12:44Z" name="Default test" finished-at="2021-12-31T18:12:44Z" duration-ms="101">
      <class name="com.crm.contact.ModifyContactTest">
        <test-method signature="modify()[pri:0, instance:com.crm.contact.ModifyContactTest@3cee53dc]" started-at="2021-12-31T18:12:44Z" name="modify" finished-at="2021-12-31T18:12:44Z" duration-ms="22" status="PASS">
          <reporter-output>
            <line>
              <![CDATA[contact modified]]>
            </line>
          </reporter-output>
        </test-method> <!-- modify -->
      </class> <!-- com.crm.contact.ModifyContactTest -->
      <class name="com.crm.product.ModifyProductTest">
        <test-method signature="modifyprod()[pri:0, instance:com.crm.product.ModifyProductTest@290aeb20]" started-at="2021-12-31T18:12:44Z" name="modifyprod" finished-at="2021-12-31T18:12:44Z" duration-ms="3" status="PASS">
          <reporter-output>
            <line>
              <![CDATA[product modified]]>
            </line>
          </reporter-output>
        </test-method> <!-- modifyprod -->
      </class> <!-- com.crm.product.ModifyProductTest -->
    </test> <!-- Default test -->
  </suite> <!-- Default suite -->
</testng-results>
